SLF4J: Failed to load class "org.slf4j.impl.StaticLoggerBinder".
SLF4J: Defaulting to no-operation (NOP) logger implementation
SLF4J: See http://www.slf4j.org/codes.html#StaticLoggerBinder for further details.
2024-01-04 15:24:17.762/1.568 Oracle Coherence 12.2.1.4.0 <Info> (thread=main, member=n/a): Loaded operational configuration from "jar:file:/C:/Oracle/Middleware/Oracle_Home/coherence/lib/coherence.jar!/tangosol-coherence.xml"
2024-01-04 15:24:17.788/1.594 Oracle Coherence 12.2.1.4.0 <Info> (thread=main, member=n/a): Loaded operational overrides from "jar:file:/C:/Oracle/Middleware/Oracle_Home/coherence/lib/coherence.jar!/tangosol-coherence-override-dev.xml"
2024-01-04 15:24:17.789/1.595 Oracle Coherence 12.2.1.4.0 <Info> (thread=main, member=n/a): Optional configuration override "/tangosol-coherence-override.xml" is not specified
2024-01-04 15:24:17.793/1.599 Oracle Coherence 12.2.1.4.0 <Info> (thread=main, member=n/a): Optional configuration override "cache-factory-config.xml" is not specified
2024-01-04 15:24:17.795/1.601 Oracle Coherence 12.2.1.4.0 <Info> (thread=main, member=n/a): Optional configuration override "cache-factory-builder-config.xml" is not specified
2024-01-04 15:24:17.797/1.603 Oracle Coherence 12.2.1.4.0 <Info> (thread=main, member=n/a): Optional configuration override "/custom-mbeans.xml" is not specified

Oracle Coherence Version 12.2.1.4.0 Build 74888
 Grid Edition: Development mode
Copyright (c) 2000, 2019, Oracle and/or its affiliates. All rights reserved.

2024-01-04 15:24:18.331/2.137 Oracle Coherence GE 12.2.1.4.0 <Info> (thread=main, member=n/a): The cluster name has not been configured, a value of "dilip's cluster" has been automatically generated
2024-01-04 15:24:18.580/2.386 Oracle Coherence GE 12.2.1.4.0 <Info> (thread=main, member=n/a): Created cache factory com.tangosol.net.ExtensibleConfigurableCacheFactory
Jan 04, 2024 3:24:19 PM oracle.soa.scac.ValidateComposite loadWSDLs
WARNING: Validating WSDLs from WSDLManager....  with option UseSoaInfraMds:false
Jan 04, 2024 3:24:19 PM oracle.fabric.common.wsdl.SchemaManager isIncrementalBuildSupported
INFO: XMLSchema incremental build enabled.
Java HotSpot(TM) 64-Bit Server VM warning: ignoring option PermSize=32m; support was removed in 8.0
Java HotSpot(TM) 64-Bit Server VM warning: ignoring option MaxPermSize=256m; support was removed in 8.0
